<?xml version="1.0" encoding="UTF-8"?>
<testng-results ignored="0" total="1" passed="1" failed="0" skipped="0">
  <reporter-output>
  </reporter-output>
  <suite started-at="2024-10-02T15:17:49 IST" name="Suite" finished-at="2024-10-02T15:17:58 IST" duration-ms="9102">
    <groups>
    </groups>
    <test started-at="2024-10-02T15:17:49 IST" name="Test" finished-at="2024-10-02T15:17:58 IST" duration-ms="9102">
      <class name="testCase.TC_LoginPage">
        <test-method is-config="true" signature="setup(java.lang.String,java.lang.String)[pri:0, instance:testCase.TC_LoginPage@40db2a24]" started-at="2024-10-02T15:17:49 IST" name="setup" finished-at="2024-10-02T15:17:56 IST" duration-ms="6364" status="PASS">
          <params>
            <param index="0">
              <value>
                <![CDATA[Windows]]>
              </value>
            </param>
            <param index="1">
              <value>
                <![CDATA[chrome]]>
              </value>
            </param>
          </params>
          <reporter-output>
          </reporter-output>
        </test-method> <!-- setup -->
        <test-method signature="VerifyLogin()[pri:0, instance:testCase.TC_LoginPage@40db2a24]" started-at="2024-10-02T15:17:56 IST" name="VerifyLogin" finished-at="2024-10-02T15:17:58 IST" duration-ms="2632" status="PASS">
          <reporter-output>
          </reporter-output>
        </test-method> <!-- VerifyLogin -->
      </class> <!-- testCase.TC_LoginPage -->
    </test> <!-- Test -->
  </suite> <!-- Suite -->
</testng-results>
